C:\USERS\VICTORBYTTEBIER\DESKTOP\INSTALLATIONS\ORIG\APPS\MYAPPS\KCBSIMPLE\OBJ\DEBUG\MAIN.OBJ
C:\USERS\VICTORBYTTEBIER\DESKTOP\INSTALLATIONS\ORIG\APPS\MYAPPS\KCBSIMPLE\OBJ\DEBUG\OFAPP.OBJ
C:\USERS\VICTORBYTTEBIER\DESKTOP\INSTALLATIONS\ORIG\APPS\MYAPPS\KCBSIMPLE\OBJ\DEBUG\OFXBASEGUI.OBJ
C:\USERS\VICTORBYTTEBIER\DESKTOP\INSTALLATIONS\ORIG\APPS\MYAPPS\KCBSIMPLE\OBJ\DEBUG\OFXBUTTON.OBJ
C:\USERS\VICTORBYTTEBIER\DESKTOP\INSTALLATIONS\ORIG\APPS\MYAPPS\KCBSIMPLE\OBJ\DEBUG\OFXGUIGROUP.OBJ
C:\USERS\VICTORBYTTEBIER\DESKTOP\INSTALLATIONS\ORIG\APPS\MYAPPS\KCBSIMPLE\OBJ\DEBUG\OFXLABEL.OBJ
C:\USERS\VICTORBYTTEBIER\DESKTOP\INSTALLATIONS\ORIG\APPS\MYAPPS\KCBSIMPLE\OBJ\DEBUG\OFXPANEL.OBJ
C:\USERS\VICTORBYTTEBIER\DESKTOP\INSTALLATIONS\ORIG\APPS\MYAPPS\KCBSIMPLE\OBJ\DEBUG\OFXSLIDER.OBJ
C:\USERS\VICTORBYTTEBIER\DESKTOP\INSTALLATIONS\ORIG\APPS\MYAPPS\KCBSIMPLE\OBJ\DEBUG\OFXSLIDERGROUP.OBJ
C:\USERS\VICTORBYTTEBIER\DESKTOP\INSTALLATIONS\ORIG\APPS\MYAPPS\KCBSIMPLE\OBJ\DEBUG\OFXTOGGLE.OBJ
C:\USERS\VICTORBYTTEBIER\DESKTOP\INSTALLATIONS\ORIG\APPS\MYAPPS\KCBSIMPLE\OBJ\DEBUG\OFXKINECTCOMMONBRIDGE.OBJ
C:\USERS\VICTORBYTTEBIER\DESKTOP\INSTALLATIONS\ORIG\APPS\MYAPPS\KCBSIMPLE\OBJ\DEBUG\VC110.PDB
C:\Users\victorbyttebier\Desktop\Installations\orig\apps\myApps\kcbSimple\bin\kcbSimple_debug.lib
C:\Users\victorbyttebier\Desktop\Installations\orig\apps\myApps\kcbSimple\bin\kcbSimple_debug.exp
C:\USERS\VICTORBYTTEBIER\DESKTOP\INSTALLATIONS\ORIG\APPS\MYAPPS\KCBSIMPLE\BIN\KCBSIMPLE_DEBUG.ILK
C:\USERS\VICTORBYTTEBIER\DESKTOP\INSTALLATIONS\ORIG\APPS\MYAPPS\KCBSIMPLE\BIN\KCBSIMPLE_DEBUG.EXE
C:\USERS\VICTORBYTTEBIER\DESKTOP\INSTALLATIONS\ORIG\APPS\MYAPPS\KCBSIMPLE\BIN\KCBSIMPLE_DEBUG.PDB
C:\USERS\VICTORBYTTEBIER\DESKTOP\INSTALLATIONS\ORIG\APPS\MYAPPS\KCBSIMPLE\OBJ\DEBUG\ICON.RES
C:\Users\victorbyttebier\Desktop\Installations\orig\apps\myApps\kcbSimple\obj\Debug\main.obj
C:\Users\victorbyttebier\Desktop\Installations\orig\apps\myApps\kcbSimple\obj\Debug\ofApp.obj
C:\Users\victorbyttebier\Desktop\Installations\orig\apps\myApps\kcbSimple\obj\Debug\ofxBaseGui.obj
C:\Users\victorbyttebier\Desktop\Installations\orig\apps\myApps\kcbSimple\obj\Debug\ofxButton.obj
C:\Users\victorbyttebier\Desktop\Installations\orig\apps\myApps\kcbSimple\obj\Debug\ofxGuiGroup.obj
C:\Users\victorbyttebier\Desktop\Installations\orig\apps\myApps\kcbSimple\obj\Debug\ofxKinectCommonBridge.obj
C:\Users\victorbyttebier\Desktop\Installations\orig\apps\myApps\kcbSimple\obj\Debug\ofxLabel.obj
C:\Users\victorbyttebier\Desktop\Installations\orig\apps\myApps\kcbSimple\obj\Debug\ofxPanel.obj
C:\Users\victorbyttebier\Desktop\Installations\orig\apps\myApps\kcbSimple\obj\Debug\ofxSlider.obj
C:\Users\victorbyttebier\Desktop\Installations\orig\apps\myApps\kcbSimple\obj\Debug\ofxSliderGroup.obj
C:\Users\victorbyttebier\Desktop\Installations\orig\apps\myApps\kcbSimple\obj\Debug\ofxToggle.obj
C:\Users\victorbyttebier\Desktop\Installations\orig\apps\myApps\kcbSimple\obj\Debug\cl.command.1.tlog
C:\Users\victorbyttebier\Desktop\Installations\orig\apps\myApps\kcbSimple\obj\Debug\CL.read.1.tlog
C:\Users\victorbyttebier\Desktop\Installations\orig\apps\myApps\kcbSimple\obj\Debug\CL.write.1.tlog
C:\Users\victorbyttebier\Desktop\Installations\orig\apps\myApps\kcbSimple\obj\Debug\kcbSimple.write.1.tlog
C:\Users\victorbyttebier\Desktop\Installations\orig\apps\myApps\kcbSimple\obj\Debug\link-cvtres.read.1.tlog
C:\Users\victorbyttebier\Desktop\Installations\orig\apps\myApps\kcbSimple\obj\Debug\link-cvtres.write.1.tlog
C:\Users\victorbyttebier\Desktop\Installations\orig\apps\myApps\kcbSimple\obj\Debug\link-rc.read.1.tlog
C:\Users\victorbyttebier\Desktop\Installations\orig\apps\myApps\kcbSimple\obj\Debug\link-rc.write.1.tlog
C:\Users\victorbyttebier\Desktop\Installations\orig\apps\myApps\kcbSimple\obj\Debug\link.command.1.tlog
C:\Users\victorbyttebier\Desktop\Installations\orig\apps\myApps\kcbSimple\obj\Debug\link.read.1.tlog
C:\Users\victorbyttebier\Desktop\Installations\orig\apps\myApps\kcbSimple\obj\Debug\link.write.1.tlog
C:\Users\victorbyttebier\Desktop\Installations\orig\apps\myApps\kcbSimple\obj\Debug\rc.command.1.tlog
C:\Users\victorbyttebier\Desktop\Installations\orig\apps\myApps\kcbSimple\obj\Debug\rc.read.1.tlog
C:\Users\victorbyttebier\Desktop\Installations\orig\apps\myApps\kcbSimple\obj\Debug\rc.write.1.tlog
C:\Users\victorbyttebier\Desktop\Installations\orig\apps\myApps\kcbSimple\obj\Debug\icon.res
C:\Users\victorbyttebier\Desktop\Installations\orig\apps\myApps\kcbSimple\obj\Debug\vc110.idb
C:\Users\victorbyttebier\Desktop\Installations\orig\apps\myApps\kcbSimple\obj\Debug\vc110.pdb
