C:\USERS\VICTORBYTTEBIER\DESKTOP\INSTALLATIONS\ORIG\APPS\MYAPPS\KCBSIMPLE\OBJ\RELEASE\OFXKINECTCOMMONBRIDGE.OBJ
C:\USERS\VICTORBYTTEBIER\DESKTOP\INSTALLATIONS\ORIG\APPS\MYAPPS\KCBSIMPLE\OBJ\RELEASE\OFXTOGGLE.OBJ
C:\USERS\VICTORBYTTEBIER\DESKTOP\INSTALLATIONS\ORIG\APPS\MYAPPS\KCBSIMPLE\OBJ\RELEASE\OFXSLIDERGROUP.OBJ
C:\USERS\VICTORBYTTEBIER\DESKTOP\INSTALLATIONS\ORIG\APPS\MYAPPS\KCBSIMPLE\OBJ\RELEASE\OFXSLIDER.OBJ
C:\USERS\VICTORBYTTEBIER\DESKTOP\INSTALLATIONS\ORIG\APPS\MYAPPS\KCBSIMPLE\OBJ\RELEASE\OFXPANEL.OBJ
C:\USERS\VICTORBYTTEBIER\DESKTOP\INSTALLATIONS\ORIG\APPS\MYAPPS\KCBSIMPLE\OBJ\RELEASE\OFXLABEL.OBJ
C:\USERS\VICTORBYTTEBIER\DESKTOP\INSTALLATIONS\ORIG\APPS\MYAPPS\KCBSIMPLE\OBJ\RELEASE\OFXGUIGROUP.OBJ
C:\USERS\VICTORBYTTEBIER\DESKTOP\INSTALLATIONS\ORIG\APPS\MYAPPS\KCBSIMPLE\OBJ\RELEASE\OFXBUTTON.OBJ
C:\USERS\VICTORBYTTEBIER\DESKTOP\INSTALLATIONS\ORIG\APPS\MYAPPS\KCBSIMPLE\OBJ\RELEASE\OFXBASEGUI.OBJ
C:\USERS\VICTORBYTTEBIER\DESKTOP\INSTALLATIONS\ORIG\APPS\MYAPPS\KCBSIMPLE\OBJ\RELEASE\OFAPP.OBJ
C:\USERS\VICTORBYTTEBIER\DESKTOP\INSTALLATIONS\ORIG\APPS\MYAPPS\KCBSIMPLE\OBJ\RELEASE\MAIN.OBJ
C:\USERS\VICTORBYTTEBIER\DESKTOP\INSTALLATIONS\ORIG\APPS\MYAPPS\KCBSIMPLE\OBJ\RELEASE\VC110.PDB
C:\Users\victorbyttebier\Desktop\Installations\orig\apps\myApps\kcbSimple\bin\kcbSimple.lib
C:\Users\victorbyttebier\Desktop\Installations\orig\apps\myApps\kcbSimple\bin\kcbSimple.exp
C:\USERS\VICTORBYTTEBIER\DESKTOP\INSTALLATIONS\ORIG\APPS\MYAPPS\KCBSIMPLE\BIN\KCBSIMPLE.EXE
C:\USERS\VICTORBYTTEBIER\DESKTOP\INSTALLATIONS\ORIG\APPS\MYAPPS\KCBSIMPLE\OBJ\RELEASE\ICON.RES
C:\Users\victorbyttebier\Desktop\Installations\orig\apps\myApps\kcbSimple\obj\Release\main.obj
C:\Users\victorbyttebier\Desktop\Installations\orig\apps\myApps\kcbSimple\obj\Release\ofApp.obj
C:\Users\victorbyttebier\Desktop\Installations\orig\apps\myApps\kcbSimple\obj\Release\ofxBaseGui.obj
C:\Users\victorbyttebier\Desktop\Installations\orig\apps\myApps\kcbSimple\obj\Release\ofxButton.obj
C:\Users\victorbyttebier\Desktop\Installations\orig\apps\myApps\kcbSimple\obj\Release\ofxGuiGroup.obj
C:\Users\victorbyttebier\Desktop\Installations\orig\apps\myApps\kcbSimple\obj\Release\ofxKinectCommonBridge.obj
C:\Users\victorbyttebier\Desktop\Installations\orig\apps\myApps\kcbSimple\obj\Release\ofxLabel.obj
C:\Users\victorbyttebier\Desktop\Installations\orig\apps\myApps\kcbSimple\obj\Release\ofxPanel.obj
C:\Users\victorbyttebier\Desktop\Installations\orig\apps\myApps\kcbSimple\obj\Release\ofxSlider.obj
C:\Users\victorbyttebier\Desktop\Installations\orig\apps\myApps\kcbSimple\obj\Release\ofxSliderGroup.obj
C:\Users\victorbyttebier\Desktop\Installations\orig\apps\myApps\kcbSimple\obj\Release\ofxToggle.obj
C:\Users\victorbyttebier\Desktop\Installations\orig\apps\myApps\kcbSimple\obj\Release\cl.command.1.tlog
C:\Users\victorbyttebier\Desktop\Installations\orig\apps\myApps\kcbSimple\obj\Release\CL.read.1.tlog
C:\Users\victorbyttebier\Desktop\Installations\orig\apps\myApps\kcbSimple\obj\Release\CL.write.1.tlog
C:\Users\victorbyttebier\Desktop\Installations\orig\apps\myApps\kcbSimple\obj\Release\kcbSimple.write.1.tlog
C:\Users\victorbyttebier\Desktop\Installations\orig\apps\myApps\kcbSimple\obj\Release\link-cvtres.read.1.tlog
C:\Users\victorbyttebier\Desktop\Installations\orig\apps\myApps\kcbSimple\obj\Release\link-cvtres.write.1.tlog
C:\Users\victorbyttebier\Desktop\Installations\orig\apps\myApps\kcbSimple\obj\Release\link-rc.read.1.tlog
C:\Users\victorbyttebier\Desktop\Installations\orig\apps\myApps\kcbSimple\obj\Release\link-rc.write.1.tlog
C:\Users\victorbyttebier\Desktop\Installations\orig\apps\myApps\kcbSimple\obj\Release\link.command.1.tlog
C:\Users\victorbyttebier\Desktop\Installations\orig\apps\myApps\kcbSimple\obj\Release\link.read.1.tlog
C:\Users\victorbyttebier\Desktop\Installations\orig\apps\myApps\kcbSimple\obj\Release\link.write.1.tlog
C:\Users\victorbyttebier\Desktop\Installations\orig\apps\myApps\kcbSimple\obj\Release\rc.command.1.tlog
C:\Users\victorbyttebier\Desktop\Installations\orig\apps\myApps\kcbSimple\obj\Release\rc.read.1.tlog
C:\Users\victorbyttebier\Desktop\Installations\orig\apps\myApps\kcbSimple\obj\Release\rc.write.1.tlog
C:\Users\victorbyttebier\Desktop\Installations\orig\apps\myApps\kcbSimple\obj\Release\icon.res
C:\Users\victorbyttebier\Desktop\Installations\orig\apps\myApps\kcbSimple\obj\Release\vc110.pdb
